<?xml version="1.0" encoding="UTF-8" ?>
<testsuite failures="0" time="0.172" errors="0" skipped="1" tests="3" name="gLite.gLiteActivityTest">
  <properties>
[...]
</properties>
  <testcase time="0.013" classname="gLite.gLiteActivityTest" name="testgliteActivity"/>
  <testcase time="0.016" classname="gLite.gLiteActivityTest" name="testExecuteAsynch">
    <skipped/>
  </testcase>
  <testcase time="0.132" classname="gLite.gLiteActivityTest" name="testConfiguregliteActivityConfigurationBean"/>
</testsuite>